2025-04-17 09:51:42.633 | INFO     | __main__:<module>:23 - 📊 Lecture des fichiers CSV pour analyse initiale...
2025-04-17 09:51:42.651 | INFO     | __main__:<module>:30 - ERP : 825 lignes
2025-04-17 09:51:42.651 | INFO     | __main__:<module>:31 - WEB : 1513 lignes
2025-04-17 09:51:42.652 | INFO     | __main__:<module>:32 - LIAISON : 825 lignes
2025-04-17 09:51:42.652 | INFO     | __main__:<module>:35 - ERP - lignes totalement vides : 0
2025-04-17 09:51:42.653 | INFO     | __main__:<module>:36 - WEB - lignes totalement vides : 0
2025-04-17 09:51:42.654 | INFO     | __main__:<module>:37 - LIAISON - lignes totalement vides : 0
2025-04-17 09:51:42.655 | WARNING  | __main__:<module>:49 - WEB - 85 lignes avec sku NULL
2025-04-17 09:51:42.656 | WARNING  | __main__:<module>:50 - WEB - 2 lignes avec sku NULL mais d'autres colonnes RENSEIGNÉES (hors ['virtual', 'downloadable', 'rating_count'])
2025-04-17 09:51:42.674 | INFO     | __main__:<module>:65 - 🦆 Connexion à DuckDB établie.
2025-04-17 09:51:42.681 | SUCCESS  | __main__:<module>:81 - ✅ Table erp_clean créée.
2025-04-17 09:51:42.706 | SUCCESS  | __main__:<module>:89 - ✅ Table web_clean créée.
2025-04-17 09:51:42.710 | SUCCESS  | __main__:<module>:98 - ✅ Table liaison_clean créée.
2025-04-17 09:51:42.710 | INFO     | __main__:<module>:115 - ✔️  Données nettoyées : ERP=825, Web=1428, Liaison=734
2025-04-17 09:51:42.711 | SUCCESS  | __main__:<module>:116 - 🎉 Étape de nettoyage réussie avec validations.
2025-04-17 09:52:45.872 | INFO     | __main__:<module>:28 - 📊 Lecture des fichiers CSV pour analyse initiale...
2025-04-17 09:52:45.896 | INFO     | __main__:<module>:37 - ERP    : 825 lignes
2025-04-17 09:52:45.897 | INFO     | __main__:<module>:38 - WEB    : 1513 lignes
2025-04-17 09:52:45.897 | INFO     | __main__:<module>:39 - LIAISON: 825 lignes
2025-04-17 09:52:45.898 | INFO     | __main__:<module>:42 - ERP    - lignes totalement vides : 0
2025-04-17 09:52:45.899 | INFO     | __main__:<module>:43 - WEB    - lignes totalement vides : 0
2025-04-17 09:52:45.899 | INFO     | __main__:<module>:44 - LIAISON- lignes totalement vides : 0
2025-04-17 09:52:45.901 | WARNING  | __main__:<module>:59 - WEB - 85 lignes avec sku NULL
2025-04-17 09:52:45.901 | WARNING  | __main__:<module>:60 - WEB - 2 lignes avec sku NULL mais d'autres colonnes RENSEIGNÉES (hors ['virtual', 'downloadable', 'rating_count'])
2025-04-17 09:52:45.918 | INFO     | __main__:<module>:77 - 🦆 Connexion à DuckDB établie.
2025-04-17 09:52:45.926 | SUCCESS  | __main__:<module>:96 - ✅ Table erp_clean créée.
2025-04-17 09:52:45.951 | SUCCESS  | __main__:<module>:104 - ✅ Table web_clean créée.
2025-04-17 09:52:45.955 | SUCCESS  | __main__:<module>:113 - ✅ Table liaison_clean créée.
2025-04-17 09:52:45.957 | INFO     | __main__:<module>:134 - ✔️  Données nettoyées : ERP=825, Web=1428, Liaison=734
2025-04-17 09:52:45.957 | SUCCESS  | __main__:<module>:135 - 🎉 Étape de nettoyage réussie avec validations.
2025-04-17 10:05:38.358 | INFO     | __main__:<module>:26 - 📊 Lecture des fichiers CSV pour analyse initiale...
2025-04-17 10:05:38.383 | INFO     | __main__:<module>:33 - ERP : 825 lignes | WEB : 1513 | LIAISON : 825
2025-04-17 10:05:38.383 | INFO     | __main__:<module>:36 - ERP - lignes vides : 0
2025-04-17 10:05:38.383 | INFO     | __main__:<module>:37 - WEB - lignes vides : 0
2025-04-17 10:05:38.383 | INFO     | __main__:<module>:38 - LIAISON - lignes vides : 0
2025-04-17 10:05:38.383 | WARNING  | __main__:<module>:46 - WEB - 85 lignes avec sku NULL
2025-04-17 10:05:38.389 | WARNING  | __main__:<module>:47 - WEB - 2 lignes avec sku NULL mais données partiellement présentes
2025-04-17 10:05:38.393 | WARNING  | __main__:<module>:55 - ERP - 184 lignes supprimées car price ≤ 0 ou stock_quantity ≤ 0
2025-04-17 10:05:38.394 | WARNING  | __main__:<module>:59 - LIAISON - 91 lignes supprimées car id_web NULL
2025-04-17 10:05:38.396 | INFO     | __main__:<module>:64 - 📁 Lignes exclues exportées dans data/outputs
2025-04-17 10:05:38.408 | INFO     | __main__:<module>:75 - 🦆 Connexion à DuckDB établie.
2025-04-17 10:05:38.415 | SUCCESS  | __main__:<module>:91 - ✅ Table erp_clean créée (filtrage métier inclus).
2025-04-17 10:05:38.440 | SUCCESS  | __main__:<module>:99 - ✅ Table web_clean créée.
2025-04-17 10:05:38.444 | SUCCESS  | __main__:<module>:108 - ✅ Table liaison_clean créée.
2025-04-17 10:05:38.445 | INFO     | __main__:<module>:125 - ✔️  Lignes après nettoyage - ERP: 641, Web: 1428, Liaison: 734
2025-04-17 10:05:38.448 | SUCCESS  | __main__:<module>:140 - 📈 Fichier de résumé exporté : resume_stats.csv
2025-04-17 10:05:38.448 | SUCCESS  | __main__:<module>:141 - 🎉 Nettoyage + filtrage métier terminé avec succès.
2025-04-17 10:10:23.576 | INFO     | __main__:<module>:26 - 📊 Lecture des fichiers CSV pour analyse initiale...
2025-04-17 10:10:23.604 | INFO     | __main__:<module>:33 - ERP : 825 lignes | WEB : 1513 | LIAISON : 825
2025-04-17 10:10:23.605 | INFO     | __main__:<module>:36 - ERP - lignes vides : 0
2025-04-17 10:10:23.605 | INFO     | __main__:<module>:37 - WEB - lignes vides : 0
2025-04-17 10:10:23.605 | INFO     | __main__:<module>:38 - LIAISON - lignes vides : 0
2025-04-17 10:10:23.607 | WARNING  | __main__:<module>:46 - WEB - 85 lignes avec sku NULL
2025-04-17 10:10:23.607 | WARNING  | __main__:<module>:47 - WEB - 2 lignes avec sku NULL mais données partiellement présentes
2025-04-17 10:10:23.607 | WARNING  | __main__:<module>:55 - ERP - 184 lignes supprimées car price ≤ 0 ou stock_quantity ≤ 0
2025-04-17 10:10:23.607 | WARNING  | __main__:<module>:59 - LIAISON - 91 lignes supprimées car id_web NULL
2025-04-17 10:10:23.607 | INFO     | __main__:<module>:64 - 📁 Lignes exclues exportées dans data/outputs
2025-04-17 10:10:23.623 | INFO     | __main__:<module>:75 - 🦆 Connexion à DuckDB établie.
2025-04-17 10:10:23.623 | SUCCESS  | __main__:<module>:91 - ✅ Table erp_clean créée (filtrage métier inclus).
2025-04-17 10:10:23.661 | SUCCESS  | __main__:<module>:99 - ✅ Table web_clean créée.
2025-04-17 10:10:23.666 | SUCCESS  | __main__:<module>:108 - ✅ Table liaison_clean créée.
2025-04-17 10:10:23.667 | INFO     | __main__:<module>:125 - ✔️  Lignes après nettoyage - ERP: 823, Web: 1428, Liaison: 734
2025-04-17 10:10:23.669 | SUCCESS  | __main__:<module>:140 - 📈 Fichier de résumé exporté : resume_stats.csv
2025-04-17 10:10:23.670 | SUCCESS  | __main__:<module>:141 - 🎉 Nettoyage + filtrage métier terminé avec succès.
2025-04-17 10:13:55.973 | INFO     | __main__:<module>:26 - 📊 Lecture des fichiers CSV pour analyse initiale...
2025-04-17 10:13:55.989 | INFO     | __main__:<module>:33 - ERP : 825 lignes | WEB : 1513 | LIAISON : 825
2025-04-17 10:13:55.989 | INFO     | __main__:<module>:36 - ERP - lignes vides : 0
2025-04-17 10:13:55.989 | INFO     | __main__:<module>:37 - WEB - lignes vides : 0
2025-04-17 10:13:55.989 | INFO     | __main__:<module>:38 - LIAISON - lignes vides : 0
2025-04-17 10:13:55.989 | WARNING  | __main__:<module>:46 - WEB - 85 lignes avec sku NULL
2025-04-17 10:13:55.989 | WARNING  | __main__:<module>:47 - WEB - 2 lignes avec sku NULL mais données partiellement présentes
2025-04-17 10:13:55.989 | WARNING  | __main__:<module>:57 - ERP - 2 lignes supprimées car price ≤ 0
2025-04-17 10:13:55.989 | WARNING  | __main__:<module>:58 - ERP - 187 lignes supprimées car stock_status ≠ 'instock'
2025-04-17 10:13:55.989 | WARNING  | __main__:<module>:62 - LIAISON - 91 lignes supprimées car id_web NULL
2025-04-17 10:13:56.005 | INFO     | __main__:<module>:67 - 📁 Lignes exclues exportées dans data/outputs
2025-04-17 10:13:56.017 | INFO     | __main__:<module>:78 - 🦆 Connexion à DuckDB établie.
2025-04-17 10:13:56.021 | SUCCESS  | __main__:<module>:94 - ✅ Table erp_clean créée (filtrage métier avec stock_status = 'instock').
2025-04-17 10:13:56.047 | SUCCESS  | __main__:<module>:102 - ✅ Table web_clean créée.
2025-04-17 10:13:56.052 | SUCCESS  | __main__:<module>:111 - ✅ Table liaison_clean créée.
2025-04-17 10:13:56.052 | INFO     | __main__:<module>:128 - ✔️  Lignes après nettoyage - ERP: 637, Web: 1428, Liaison: 734
2025-04-17 10:13:56.052 | SUCCESS  | __main__:<module>:143 - 📈 Fichier de résumé exporté : resume_stats.csv
2025-04-17 10:13:56.052 | SUCCESS  | __main__:<module>:144 - 🎉 Nettoyage terminé avec succès.
2025-04-17 10:16:26.420 | INFO     | __main__:<module>:26 - 📊 Lecture des fichiers CSV pour analyse initiale...
2025-04-17 10:16:26.427 | INFO     | __main__:<module>:33 - ERP : 825 lignes | WEB : 1513 | LIAISON : 825
2025-04-17 10:16:26.439 | INFO     | __main__:<module>:36 - ERP - lignes vides : 0
2025-04-17 10:16:26.439 | INFO     | __main__:<module>:37 - WEB - lignes vides : 0
2025-04-17 10:16:26.439 | INFO     | __main__:<module>:38 - LIAISON - lignes vides : 0
2025-04-17 10:16:26.439 | WARNING  | __main__:<module>:46 - WEB - 85 lignes avec sku NULL
2025-04-17 10:16:26.439 | WARNING  | __main__:<module>:47 - WEB - 2 lignes avec sku NULL mais données partiellement présentes
2025-04-17 10:16:26.439 | WARNING  | __main__:<module>:56 - ERP - 2 lignes supprimées car price ≤ 0
2025-04-17 10:16:26.439 | WARNING  | __main__:<module>:60 - LIAISON - 91 lignes supprimées car id_web NULL
2025-04-17 10:16:26.439 | INFO     | __main__:<module>:65 - 📁 Lignes exclues exportées dans data/outputs
2025-04-17 10:16:26.454 | INFO     | __main__:<module>:76 - 🦆 Connexion à DuckDB établie.
2025-04-17 10:16:26.464 | SUCCESS  | __main__:<module>:92 - ✅ Table erp_clean créée sans filtre stock_status.
2025-04-17 10:16:26.487 | SUCCESS  | __main__:<module>:100 - ✅ Table web_clean créée.
2025-04-17 10:16:26.487 | SUCCESS  | __main__:<module>:109 - ✅ Table liaison_clean créée.
2025-04-17 10:16:26.487 | INFO     | __main__:<module>:126 - ✔️  Lignes après nettoyage - ERP: 823, Web: 1428, Liaison: 734
2025-04-17 10:16:26.487 | SUCCESS  | __main__:<module>:141 - 📈 Fichier de résumé exporté : resume_stats.csv
2025-04-17 10:16:26.487 | SUCCESS  | __main__:<module>:142 - 🎉 Nettoyage terminé avec succès.
2025-04-17 10:17:37.787 | INFO     | __main__:<module>:34 - 📊 Lecture des fichiers CSV pour analyse initiale...
2025-04-17 10:17:37.803 | INFO     | __main__:<module>:46 - ERP    : 825 lignes | WEB : 1513 | LIAISON : 825
2025-04-17 10:17:37.804 | INFO     | __main__:<module>:49 - ERP    - lignes vides    : 0
2025-04-17 10:17:37.805 | INFO     | __main__:<module>:50 - WEB    - lignes vides    : 0
2025-04-17 10:17:37.805 | INFO     | __main__:<module>:51 - LIAISON- lignes vides    : 0
2025-04-17 10:17:37.806 | WARNING  | __main__:<module>:59 - WEB - 85 lignes avec sku NULL
2025-04-17 10:17:37.806 | WARNING  | __main__:<module>:60 - WEB - 2 lignes avec sku NULL mais données partiellement présentes
2025-04-17 10:17:37.812 | WARNING  | __main__:<module>:70 - ERP - 2 lignes exclues car price ≤ 0
2025-04-17 10:17:37.812 | WARNING  | __main__:<module>:74 - LIAISON - 91 lignes exclues car id_web NULL
2025-04-17 10:17:37.827 | INFO     | __main__:<module>:79 - 📁 Lignes exclues exportées dans data/outputs
2025-04-17 10:17:37.838 | INFO     | __main__:<module>:91 - 🦆 Connexion à DuckDB établie.
2025-04-17 10:17:37.847 | SUCCESS  | __main__:<module>:107 - ✅ Table erp_clean créée sans filtre stock_status.
2025-04-17 10:17:37.872 | SUCCESS  | __main__:<module>:115 - ✅ Table web_clean créée.
2025-04-17 10:17:37.878 | SUCCESS  | __main__:<module>:124 - ✅ Table liaison_clean créée.
2025-04-17 10:17:37.878 | INFO     | __main__:<module>:145 - ✔️  Lignes après nettoyage - ERP: 823, Web: 1428, Liaison: 734
2025-04-17 10:17:37.881 | SUCCESS  | __main__:<module>:157 - 📈 Fichier de résumé exporté : resume_stats.csv
2025-04-17 10:17:37.883 | SUCCESS  | __main__:<module>:158 - 🎉 Nettoyage terminé avec succès.
